


materialPath: D:\Steam\steamapps\common\GarrysMod\garrysmod\materials
Loading D:\Steam\steamapps\common\GarrysMod\garrysmod\gamemodes\narugibs\content\maps\ng_orangescrapers_koth.vmf
fixing up env_cubemap materials on brush sides...
0...1...2...3...4...5...6...7...8...9...100...1...2...3...4...5...6...7...8...9...10Processing areas...done (0)
Building Faces...done (0)
Chop Details...done (0)
Find Visible Detail Sides...
Merged 28 detail faces...done (0)
Merging details...done (0)
FixTjuncs...
PruneNodes...
WriteBSP...
done (0)
writing D:\Steam\steamapps\common\GarrysMod\garrysmod\gamemodes\narugibs\content\maps\ng_orangescrapers_koth.prt...Building visibility clusters...
done (0)
Creating default LDR cubemaps for env_cubemap using skybox materials:
   skybox/sky_day01_08*.vmt
 ! Run buildcubemaps in the engine to get the correct cube maps.
*** Error: Skybox vtf files for skybox/sky_day01_08 weren't compiled with the same size texture and/or same flags!
Can't load skybox file skybox/sky_day01_08 to build the default cubemap!
Finding displacement neighbors...
Finding lightmap sample positions...
Displacement Alpha : 0...1...2...3...4...5...6...7...8...9...10
Building Physics collision data...
done (0) (42187 bytes)
Placing detail props : 0...1...2...3...4...5...6...7...8...9...10
Compacting texture/material tables...
Reduced 37 texinfos to 13
Reduced 7 texdatas to 5 (155 bytes to 106)
Writing D:\Steam\steamapps\common\GarrysMod\garrysmod\gamemodes\narugibs\content\maps\ng_orangescrapers_koth.bsp
0 seconds elapsed



4 threads
reading d:\steam\steamapps\common\garrysmod\garrysmod\gamemodes\narugibs\content\maps\ng_orangescrapers_koth.bsp
reading d:\steam\steamapps\common\garrysmod\garrysmod\gamemodes\narugibs\content\maps\ng_orangescrapers_koth.prt
  74 portalclusters
 190 numportals
0...1...2...3...4...5...6...7...8...9...100...1...2...3...4...5...6...7...8...9...10Optimized: 0 visible clusters (0.00%)
Total clusters visible: 5144
Average clusters visible: 69
Building PAS...
Average clusters audible: 72
visdatasize:2066  compressed from 2368
writing d:\steam\steamapps\common\garrysmod\garrysmod\gamemodes\narugibs\content\maps\ng_orangescrapers_koth.bsp
0 seconds elapsed



[Reading texlights from 'lights.rad']
[45 texlights parsed from 'lights.rad']

Loading d:\steam\steamapps\common\garrysmod\garrysmod\gamemodes\narugibs\content\maps\ng_orangescrapers_koth.bsp
PREP OK
1516 faces
3 degenerate faces
1016986 square feet [146446096.00 square inches]
0 Displacements
0 Square Feet [0.00 Square Inches]
1513 patches before subdivision
164759 patches after subdivision
2 direct lights
0...1...2...3...4...5...6...7...8...9...100...1...2...3...4...5...6...7...8...9...10transfers 9238817, max 328
transfer lists:  70.5 megs
0...1...2...3...4...5...6...7...8...9...10	Bounce #1 added RGB(427255, 127467, 11494)
0...1...2...3...4...5...6...7...8...9...10	Bounce #2 added RGB(163021, 13817, 30)
0...1...2...3...4...5...6...7...8...9...10	Bounce #3 added RGB(78683, 1846, 1)
0...1...2...3...4...5...6...7...8...9...10	Bounce #4 added RGB(37085, 242, 0)
0...1...2...3...4...5...6...7...8...9...10	Bounce #5 added RGB(19184, 35, 0)
0...1...2...3...4...5...6...7...8...9...10	Bounce #6 added RGB(9682, 5, 0)
0...1...2...3...4...5...6...7...8...9...10	Bounce #7 added RGB(5107, 1, 0)
0...1...2...3...4...5...6...7...8...9...10	Bounce #8 added RGB(2658, 0, 0)
0...1...2...3...4...5...6...7...8...9...10	Bounce #9 added RGB(1415, 0, 0)
0...1...2...3...4...5...6...7...8...9...10	Bounce #10 added RGB(748, 0, 0)
0...1...2...3...4...5...6...7...8...9...10	Bounce #11 added RGB(400, 0, 0)
0...1...2...3...4...5...6...7...8...9...10	Bounce #12 added RGB(213, 0, 0)
0...1...2...3...4...5...6...7...8...9...10	Bounce #13 added RGB(115, 0, 0)
0...1...2...3...4...5...6...7...8...9...10	Bounce #14 added RGB(61, 0, 0)
0...1...2...3...4...5...6...7...8...9...10	Bounce #15 added RGB(33, 0, 0)
0...1...2...3...4...5...6...7...8...9...10	Bounce #16 added RGB(18, 0, 0)
0...1...2...3...4...5...6...7...8...9...10	Bounce #17 added RGB(10, 0, 0)
0...1...2...3...4...5...6...7...8...9...10	Bounce #18 added RGB(5, 0, 0)
0...1...2...3...4...5...6...7...8...9...10	Bounce #19 added RGB(3, 0, 0)
0...1...2...3...4...5...6...7...8...9...10	Bounce #20 added RGB(2, 0, 0)
0...1...2...3...4...5...6...7...8...9...10	Bounce #21 added RGB(1, 0, 0)
Build Patch/Sample Hash Table(s).....Done<0.0605 sec>
0...1...2...3...4...5...6...7...8...9...10FinalLightFace Done
0 of 0 (0% of) surface lights went in leaf ambient cubes.
0...1...2...3...4...5...6...7...8...9...10Writing leaf ambient...done
Ready to Finish

Object names       Objects/Maxobjs  Memory / Maxmem  Fullness 
------------       ---------------  ---------------  -------- 
models                   2/4096           96/196608   ( 0.0%) 
brushes                121/16384        1452/196608   ( 0.7%) 
brushsides            1147/163840       9176/1310720  ( 0.7%) 
planes                1244/65536       24880/1310720  ( 1.9%) 
vertexes              2046/65536       24552/786432   ( 3.1%) 
nodes                  194/65536        6208/2097152  ( 0.3%) 
texinfos                13/12288         936/884736   ( 0.1%) 
texdata                  5/2048          160/65536    ( 0.2%) 
dispinfos                0/0               0/0        ( 0.0%) 
disp_verts               0/0               0/0        ( 0.0%) 
disp_tris                0/0               0/0        ( 0.0%) 
disp_lmsamples           0/0               0/0        ( 0.0%) 
faces                 1516/65536       84896/3670016  ( 2.3%) 
hdr faces                0/65536           0/3670016  ( 0.0%) 
origfaces              375/65536       21000/3670016  ( 0.6%) 
leaves                 197/65536        6304/2097152  ( 0.3%) 
leaffaces             1744/65536        3488/131072   ( 2.7%) 
leafbrushes            251/65536         502/131072   ( 0.4%) 
areas                    3/1024           24/8192     ( 0.3%) 
surfedges             8724/512000      34896/2048000  ( 1.7%) 
edges                 4814/256000      19256/1024000  ( 1.9%) 
LDR worldlights          2/8192          176/720896   ( 0.0%) 
HDR worldlights          0/8192            0/720896   ( 0.0%) 
leafwaterdata            0/32768           0/393216   ( 0.0%) 
waterstrips             98/32768         980/327680   ( 0.3%) 
waterverts               0/65536           0/786432   ( 0.0%) 
waterindices          2340/65536        4680/131072   ( 3.6%) 
cubemapsamples           1/1024           16/16384    ( 0.1%) 
overlays                 0/1024            0/360448   ( 0.0%) 
LDR lightdata         [variable]     3754076/0        ( 0.0%) 
HDR lightdata         [variable]           0/0        ( 0.0%) 
visdata               [variable]        2066/16777216 ( 0.0%) 
entdata               [variable]        4113/393216   ( 1.0%) 
LDR ambient table      197/65536         788/262144   ( 0.3%) 
HDR ambient table      197/65536         788/262144   ( 0.3%) 
LDR leaf ambient      1012/65536       28336/1835008  ( 1.5%) 
HDR leaf ambient       197/65536        5516/1835008  ( 0.3%) 
occluders                0/0               0/0        ( 0.0%) 
occluder polygons        0/0               0/0        ( 0.0%) 
occluder vert ind        0/0               0/0        ( 0.0%) 
detail props          [variable]           1/12       ( 8.3%) 
static props          [variable]           1/1368     ( 0.1%) 
pakfile               [variable]       17300/0        ( 0.0%) 
physics               [variable]       42187/4194304  ( 1.0%) 
physics terrain       [variable]           2/1048576  ( 0.0%) 

Level flags = 0

Total triangle count: 4172
Writing d:\steam\steamapps\common\garrysmod\garrysmod\gamemodes\narugibs\content\maps\ng_orangescrapers_koth.bsp
16 seconds elapsed



[Reading texlights from 'lights.rad']
[45 texlights parsed from 'lights.rad']

Loading d:\steam\steamapps\common\garrysmod\garrysmod\gamemodes\narugibs\content\maps\ng_orangescrapers_koth.bsp
PREP OK
1516 faces
3 degenerate faces
1016986 square feet [146446096.00 square inches]
0 Displacements
0 Square Feet [0.00 Square Inches]
1513 patches before subdivision
164759 patches after subdivision
2 direct lights
0...1...2...3...4...5...6...7...8...9...100...1...2...3...4...5...6...7...8...9...10transfers 9238817, max 328
transfer lists:  70.5 megs
0...1...2...3...4...5...6...7...8...9...10	Bounce #1 added RGB(427256, 127468, 11494)
0...1...2...3...4...5...6...7...8...9...10	Bounce #2 added RGB(163021, 13817, 30)
0...1...2...3...4...5...6...7...8...9...10	Bounce #3 added RGB(78683, 1846, 1)
0...1...2...3...4...5...6...7...8...9...10	Bounce #4 added RGB(37085, 242, 0)
0...1...2...3...4...5...6...7...8...9...10	Bounce #5 added RGB(19184, 35, 0)
0...1...2...3...4...5...6...7...8...9...10	Bounce #6 added RGB(9682, 5, 0)
0...1...2...3...4...5...6...7...8...9...10	Bounce #7 added RGB(5107, 1, 0)
0...1...2...3...4...5...6...7...8...9...10	Bounce #8 added RGB(2658, 0, 0)
0...1...2...3...4...5...6...7...8...9...10	Bounce #9 added RGB(1415, 0, 0)
0...1...2...3...4...5...6...7...8...9...10	Bounce #10 added RGB(748, 0, 0)
0...1...2...3...4...5...6...7...8...9...10	Bounce #11 added RGB(400, 0, 0)
0...1...2...3...4...5...6...7...8...9...10	Bounce #12 added RGB(213, 0, 0)
0...1...2...3...4...5...6...7...8...9...10	Bounce #13 added RGB(115, 0, 0)
0...1...2...3...4...5...6...7...8...9...10	Bounce #14 added RGB(61, 0, 0)
0...1...2...3...4...5...6...7...8...9...10	Bounce #15 added RGB(33, 0, 0)
0...1...2...3...4...5...6...7...8...9...10	Bounce #16 added RGB(18, 0, 0)
0...1...2...3...4...5...6...7...8...9...10	Bounce #17 added RGB(10, 0, 0)
0...1...2...3...4...5...6...7...8...9...10	Bounce #18 added RGB(5, 0, 0)
0...1...2...3...4...5...6...7...8...9...10	Bounce #19 added RGB(3, 0, 0)
0...1...2...3...4...5...6...7...8...9...10	Bounce #20 added RGB(2, 0, 0)
0...1...2...3...4...5...6...7...8...9...10	Bounce #21 added RGB(1, 0, 0)
Build Patch/Sample Hash Table(s).....Done<0.0975 sec>
0...1...2...3...4...5...6...7...8...9...10FinalLightFace Done
0 of 0 (0% of) surface lights went in leaf ambient cubes.
0...1...2...3...4...5...6...7...8...9...10Writing leaf ambient...done
Ready to Finish

Object names       Objects/Maxobjs  Memory / Maxmem  Fullness 
------------       ---------------  ---------------  -------- 
models                   2/4096           96/196608   ( 0.0%) 
brushes                121/16384        1452/196608   ( 0.7%) 
brushsides            1147/163840       9176/1310720  ( 0.7%) 
planes                1244/65536       24880/1310720  ( 1.9%) 
vertexes              2046/65536       24552/786432   ( 3.1%) 
nodes                  194/65536        6208/2097152  ( 0.3%) 
texinfos                13/12288         936/884736   ( 0.1%) 
texdata                  5/2048          160/65536    ( 0.2%) 
dispinfos                0/0               0/0        ( 0.0%) 
disp_verts               0/0               0/0        ( 0.0%) 
disp_tris                0/0               0/0        ( 0.0%) 
disp_lmsamples           0/0               0/0        ( 0.0%) 
faces                 1516/65536       84896/3670016  ( 2.3%) 
hdr faces             1516/65536       84896/3670016  ( 2.3%) 
origfaces              375/65536       21000/3670016  ( 0.6%) 
leaves                 197/65536        6304/2097152  ( 0.3%) 
leaffaces             1744/65536        3488/131072   ( 2.7%) 
leafbrushes            251/65536         502/131072   ( 0.4%) 
areas                    3/1024           24/8192     ( 0.3%) 
surfedges             8724/512000      34896/2048000  ( 1.7%) 
edges                 4814/256000      19256/1024000  ( 1.9%) 
LDR worldlights          2/8192          176/720896   ( 0.0%) 
HDR worldlights          2/8192          176/720896   ( 0.0%) 
leafwaterdata            0/32768           0/393216   ( 0.0%) 
waterstrips             98/32768         980/327680   ( 0.3%) 
waterverts               0/65536           0/786432   ( 0.0%) 
waterindices          2340/65536        4680/131072   ( 3.6%) 
cubemapsamples           1/1024           16/16384    ( 0.1%) 
overlays                 0/1024            0/360448   ( 0.0%) 
LDR lightdata         [variable]     3754076/0        ( 0.0%) 
HDR lightdata         [variable]     3754076/0        ( 0.0%) 
visdata               [variable]        2066/16777216 ( 0.0%) 
entdata               [variable]        4113/393216   ( 1.0%) 
LDR ambient table      197/65536         788/262144   ( 0.3%) 
HDR ambient table      197/65536         788/262144   ( 0.3%) 
LDR leaf ambient      1012/65536       28336/1835008  ( 1.5%) 
HDR leaf ambient      1012/65536       28336/1835008  ( 1.5%) 
occluders                0/0               0/0        ( 0.0%) 
occluder polygons        0/0               0/0        ( 0.0%) 
occluder vert ind        0/0               0/0        ( 0.0%) 
detail props          [variable]           1/12       ( 8.3%) 
static props          [variable]           1/1368     ( 0.1%) 
pakfile               [variable]       17300/0        ( 0.0%) 
physics               [variable]       42187/4194304  ( 1.0%) 
physics terrain       [variable]           2/1048576  ( 0.0%) 

Level flags = 0

Total triangle count: 4172
Writing d:\steam\steamapps\common\garrysmod\garrysmod\gamemodes\narugibs\content\maps\ng_orangescrapers_koth.bsp
21 seconds elapsed
