PRT1
65
165
4 0 7 (2304 0 256 ) (2048 0 256 ) (2048 0 -512 ) (2304 0 -512 ) 
4 0 6 (3072 0 -512 ) (3072 0 256 ) (2304 0 256 ) (2304 0 -512 ) 
4 0 5 (3072 0 256 ) (3072 0 2048 ) (2048 0 2048 ) (2048 0 256 ) 
4 0 2 (2048 0 512 ) (2048 0 2048 ) (2048 512 2048 ) (2048 512 512 ) 
4 0 1 (2048 512 2048 ) (2048 1024 2048 ) (2048 1024 -512 ) (2048 512 -512 ) 
4 1 3 (1536 1024 -512 ) (1536 512 -512 ) (1536 512 2048 ) (1536 1024 2048 ) 
4 1 2 (2048 512 2048 ) (1536 512 2048 ) (1536 512 512 ) (2048 512 512 ) 
4 2 12 (1772 0 2048 ) (1748 0 2048 ) (1748 0 512 ) (1772 0 512 ) 
4 2 11 (1792 0 2048 ) (1772 0 2048 ) (1772 0 512 ) (1792 0 512 ) 
4 2 16 (1748 0 2048 ) (1536 0 2048 ) (1536 0 512 ) (1748 0 512 ) 
4 2 8 (2048 0 512 ) (2048 0 2048 ) (1792 0 2048 ) (1792 0 512 ) 
4 2 4 (1536 0 512 ) (1536 0 2048 ) (1536 32 2048 ) (1536 32 512 ) 
4 2 3 (1536 32 2048 ) (1536 512 2048 ) (1536 512 512 ) (1536 32 512 ) 
4 3 17 (1024 32 2048 ) (1024 1024 2048 ) (1024 1024 -512 ) (1024 32 -512 ) 
4 3 4 (1536 32 -352 ) (1536 32 2048 ) (1024 32 2048 ) (1024 32 -352 ) 
4 4 18 (1024 0 -352 ) (1024 0 2048 ) (1024 32 2048 ) (1024 32 -352 ) 
4 4 16 (1024 0 2048 ) (1024 0 -352 ) (1536 0 -352 ) (1536 0 2048 ) 
4 5 41 (3072 -1024 256 ) (3072 -1024 2048 ) (2048 -1024 2048 ) (2048 -1024 256 ) 
4 5 10 (2048 -512 256 ) (2048 -1024 256 ) (2048 -1024 2048 ) (2048 -512 2048 ) 
4 5 8 (2048 0 2048 ) (2048 0 256 ) (2048 -512 256 ) (2048 -512 2048 ) 
4 5 7 (2048 -512 256 ) (2048 0 256 ) (2304 0 256 ) (2304 -512 256 ) 
4 5 6 (2304 0 256 ) (3072 0 256 ) (3072 -1024 256 ) (2304 -1024 256 ) 
4 6 43 (2560 -1024 256 ) (2304 -1024 256 ) (2304 -1024 -512 ) (2560 -1024 -512 ) 
4 6 42 (3072 -1024 -512 ) (3072 -1024 256 ) (2560 -1024 256 ) (2560 -1024 -512 ) 
4 6 7 (2304 0 -512 ) (2304 -512 -512 ) (2304 -512 256 ) (2304 0 256 ) 
4 7 9 (2048 0 -352 ) (2048 0 -512 ) (2048 -512 -512 ) (2048 -512 -352 ) 
4 7 8 (2048 0 256 ) (2048 0 -352 ) (2048 -512 -352 ) (2048 -512 256 ) 
4 8 11 (1792 0 2048 ) (1792 0 -352 ) (1792 -512 -352 ) (1792 -512 2048 ) 
4 8 10 (1792 -512 2048 ) (1792 -512 256 ) (2048 -512 256 ) (2048 -512 2048 ) 
4 8 9 (2048 -512 -352 ) (1824 -512 -352 ) (1824 0 -352 ) (2048 0 -352 ) 
4 10 45 (1824 -1024 2048 ) (1792 -1024 2048 ) (1792 -1024 256 ) (1824 -1024 256 ) 
4 10 44 (2048 -1024 256 ) (2048 -1024 2048 ) (1824 -1024 2048 ) (1824 -1024 256 ) 
4 10 11 (1792 -1024 256 ) (1792 -1024 2048 ) (1792 -512 2048 ) (1792 -512 256 ) 
4 11 46 (1772 -1024 -512 ) (1792 -1024 -512 ) (1792 -1024 2048 ) (1772 -1024 2048 ) 
4 11 14 (1772 -8 -512 ) (1772 -10 -512 ) (1772 -10 512 ) (1772 -8 512 ) 
4 11 13 (1772 -10 512 ) (1772 -10 2048 ) (1772 -8 2048 ) (1772 -8 512 ) 
4 11 12 (1772 0 -512 ) (1772 -8 -512 ) (1772 -8 2048 ) (1772 0 2048 ) 
4 11 15 (1772 -10 -512 ) (1772 -1024 -512 ) (1772 -1024 2048 ) (1772 -10 2048 ) 
4 12 14 (1748 -8 512 ) (1748 -8 -512 ) (1772 -8 -512 ) (1772 -8 512 ) 
4 12 13 (1748 -8 2048 ) (1748 -8 512 ) (1772 -8 512 ) (1772 -8 2048 ) 
4 12 16 (1748 0 -512 ) (1748 -8 -512 ) (1748 -8 2048 ) (1748 0 2048 ) 
4 13 16 (1748 -10 512 ) (1748 -10 2048 ) (1748 -8 2048 ) (1748 -8 512 ) 
4 13 15 (1748 -10 2048 ) (1748 -10 512 ) (1772 -10 512 ) (1772 -10 2048 ) 
4 13 14 (1772 -10 512 ) (1748 -10 512 ) (1748 -8 512 ) (1772 -8 512 ) 
4 14 16 (1748 -8 -512 ) (1748 -10 -512 ) (1748 -10 512 ) (1748 -8 512 ) 
4 14 15 (1748 -10 512 ) (1748 -10 -512 ) (1772 -10 -512 ) (1772 -10 512 ) 
4 15 46 (1748 -1024 -512 ) (1772 -1024 -512 ) (1772 -1024 2048 ) (1748 -1024 2048 ) 
4 15 16 (1748 -10 -512 ) (1748 -1024 -512 ) (1748 -1024 2048 ) (1748 -10 2048 ) 
4 16 46 (1024 -1024 2048 ) (1024 -1024 -512 ) (1748 -1024 -512 ) (1748 -1024 2048 ) 
4 16 22 (1024 -1024 -512 ) (1024 -1024 2048 ) (1024 0 2048 ) (1024 0 -512 ) 
4 17 20 (512 32 1024 ) (512 32 2048 ) (512 512 2048 ) (512 512 1024 ) 
4 17 19 (512 1024 -512 ) (512 512 -512 ) (512 512 2048 ) (512 1024 2048 ) 
4 17 18 (1024 32 2048 ) (512 32 2048 ) (512 32 -352 ) (1024 32 -352 ) 
4 18 23 (522 0 2048 ) (520 0 2048 ) (520 0 -352 ) (522 0 -352 ) 
4 18 22 (1024 0 -352 ) (1024 0 2048 ) (522 0 2048 ) (522 0 -352 ) 
4 18 27 (520 0 2048 ) (512 0 2048 ) (512 0 -352 ) (520 0 -352 ) 
4 18 20 (512 0 1024 ) (512 0 2048 ) (512 32 2048 ) (512 32 1024 ) 
4 19 21 (0 512 2048 ) (0 1024 2048 ) (0 1024 -512 ) (0 512 -512 ) 
4 19 20 (512 512 1024 ) (512 512 2048 ) (0 512 2048 ) (0 512 1024 ) 
4 20 33 (0 0 2048 ) (0 0 1024 ) (192 0 1024 ) (192 0 2048 ) 
4 20 28 (192 0 1024 ) (512 0 1024 ) (512 0 2048 ) (192 0 2048 ) 
4 20 21 (0 0 1024 ) (0 0 2048 ) (0 512 2048 ) (0 512 1024 ) 
4 21 39 (0 0 -512 ) (0 0 0 ) (-512 0 0 ) (-512 0 -512 ) 
4 21 40 (-512 0 0 ) (-1024 0 0 ) (-1024 0 -512 ) (-512 0 -512 ) 
4 21 38 (0 0 0 ) (0 0 2048 ) (-1024 0 2048 ) (-1024 0 0 ) 
4 22 53 (1024 -1024 -512 ) (1024 -1024 2048 ) (522 -1024 2048 ) (522 -1024 -512 ) 
4 22 25 (522 -52 -512 ) (522 -76 -512 ) (522 -76 256 ) (522 -52 256 ) 
4 22 24 (522 -76 256 ) (522 -76 2048 ) (522 -52 2048 ) (522 -52 256 ) 
4 22 23 (522 0 -512 ) (522 -52 -512 ) (522 -52 2048 ) (522 0 2048 ) 
4 22 26 (522 -76 -512 ) (522 -1024 -512 ) (522 -1024 2048 ) (522 -76 2048 ) 
4 23 25 (520 -52 256 ) (520 -52 -512 ) (522 -52 -512 ) (522 -52 256 ) 
4 23 24 (520 -52 2048 ) (520 -52 256 ) (522 -52 256 ) (522 -52 2048 ) 
4 23 27 (520 0 -512 ) (520 -52 -512 ) (520 -52 2048 ) (520 0 2048 ) 
4 24 27 (520 -76 256 ) (520 -76 2048 ) (520 -52 2048 ) (520 -52 256 ) 
4 24 26 (520 -76 2048 ) (520 -76 256 ) (522 -76 256 ) (522 -76 2048 ) 
4 24 25 (522 -76 256 ) (520 -76 256 ) (520 -52 256 ) (522 -52 256 ) 
4 25 27 (520 -52 -512 ) (520 -76 -512 ) (520 -76 256 ) (520 -52 256 ) 
4 25 26 (520 -76 256 ) (520 -76 -512 ) (522 -76 -512 ) (522 -76 256 ) 
4 26 53 (522 -1024 2048 ) (520 -1024 2048 ) (520 -1024 -512 ) (522 -1024 -512 ) 
4 26 27 (520 -76 -512 ) (520 -1024 -512 ) (520 -1024 2048 ) (520 -76 2048 ) 
4 27 53 (520 -1024 2048 ) (512 -1024 2048 ) (512 -1024 -512 ) (520 -1024 -512 ) 
4 27 37 (512 -1024 256 ) (512 -1024 2048 ) (512 -128 2048 ) (512 -128 256 ) 
4 27 32 (512 0 504 ) (512 0 256 ) (512 -128 256 ) (512 -128 504 ) 
4 27 29 (512 0 760 ) (512 0 520 ) (512 -128 520 ) (512 -128 760 ) 
4 27 28 (512 -128 2048 ) (512 0 2048 ) (512 0 776 ) (512 -128 776 ) 
4 28 37 (512 -128 776 ) (512 -128 2048 ) (192 -128 2048 ) (192 -128 776 ) 
4 28 34 (192 0 888 ) (192 0 776 ) (192 -128 776 ) (192 -128 888 ) 
4 28 33 (192 0 2048 ) (192 0 904 ) (192 -128 904 ) (192 -128 2048 ) 
4 28 30 (320 -128 776 ) (192 -128 776 ) (192 0 776 ) (320 0 776 ) 
4 29 37 (512 -128 520 ) (512 -128 760 ) (320 -128 760 ) (320 -128 520 ) 
4 29 30 (320 0 520 ) (320 -128 520 ) (320 -128 760 ) (320 0 760 ) 
4 30 37 (320 -128 776 ) (192 -128 776 ) (192 -128 520 ) (320 -128 520 ) 
4 30 34 (192 0 776 ) (192 0 648 ) (192 -128 648 ) (192 -128 776 ) 
4 30 35 (192 0 632 ) (192 0 520 ) (192 -128 520 ) (192 -128 632 ) 
4 30 31 (320 -128 520 ) (192 -128 520 ) (192 0 520 ) (320 0 520 ) 
4 31 37 (320 -128 520 ) (192 -128 520 ) (192 -128 504 ) (320 -128 504 ) 
4 31 35 (192 0 520 ) (192 0 504 ) (192 -128 504 ) (192 -128 520 ) 
4 31 32 (320 -128 504 ) (192 -128 504 ) (192 0 504 ) (320 0 504 ) 
4 32 37 (512 -128 256 ) (512 -128 504 ) (192 -128 504 ) (192 -128 256 ) 
4 32 36 (192 0 376 ) (192 0 256 ) (192 -128 256 ) (192 -128 376 ) 
4 32 35 (192 0 504 ) (192 0 392 ) (192 -128 392 ) (192 -128 504 ) 
4 33 38 (0 0 2048 ) (0 0 904 ) (0 -128 904 ) (0 -128 2048 ) 
4 33 37 (192 -128 904 ) (192 -128 2048 ) (0 -128 2048 ) (0 -128 904 ) 
4 34 38 (0 0 888 ) (0 0 648 ) (0 -128 648 ) (0 -128 888 ) 
4 34 37 (192 -128 648 ) (192 -128 888 ) (0 -128 888 ) (0 -128 648 ) 
4 35 38 (0 0 632 ) (0 0 392 ) (0 -128 392 ) (0 -128 632 ) 
4 35 37 (192 -128 392 ) (192 -128 632 ) (0 -128 632 ) (0 -128 392 ) 
4 36 38 (0 0 376 ) (0 0 256 ) (0 -128 256 ) (0 -128 376 ) 
4 36 37 (192 -128 256 ) (192 -128 376 ) (0 -128 376 ) (0 -128 256 ) 
4 37 55 (512 -1024 256 ) (512 -1024 2048 ) (0 -1024 2048 ) (0 -1024 256 ) 
4 37 38 (0 -1024 256 ) (0 -1024 2048 ) (0 -128 2048 ) (0 -128 256 ) 
4 38 60 (-512 -1024 128 ) (-1024 -1024 128 ) (-1024 -1024 0 ) (-512 -1024 0 ) 
4 38 58 (0 -1024 128 ) (0 -1024 2048 ) (-1024 -1024 2048 ) (-1024 -1024 128 ) 
4 38 39 (-512 -512 0 ) (-512 0 0 ) (0 0 0 ) (0 -512 0 ) 
4 38 40 (-512 -1024 0 ) (-1024 -1024 0 ) (-1024 0 0 ) (-512 0 0 ) 
4 39 40 (-512 0 -512 ) (-512 -512 -512 ) (-512 -512 0 ) (-512 0 0 ) 
4 40 60 (-512 -1024 0 ) (-1024 -1024 0 ) (-1024 -1024 -512 ) (-512 -1024 -512 ) 
4 41 48 (3072 -2048 256 ) (3072 -2048 2048 ) (2048 -2048 2048 ) (2048 -2048 256 ) 
4 41 47 (2048 -1792 256 ) (2048 -2048 256 ) (2048 -2048 2048 ) (2048 -1792 2048 ) 
4 41 44 (2048 -1024 2048 ) (2048 -1024 256 ) (2048 -1792 256 ) (2048 -1792 2048 ) 
4 41 43 (2048 -1792 256 ) (2048 -1024 256 ) (2560 -1024 256 ) (2560 -1792 256 ) 
4 41 42 (2560 -1024 256 ) (3072 -1024 256 ) (3072 -2048 256 ) (2560 -2048 256 ) 
4 42 49 (3072 -2048 -512 ) (3072 -2048 256 ) (2560 -2048 256 ) (2560 -2048 -512 ) 
4 42 43 (2560 -1024 -512 ) (2560 -1792 -512 ) (2560 -1792 256 ) (2560 -1024 256 ) 
4 43 44 (2048 -1024 256 ) (2048 -1024 -512 ) (2048 -1792 -512 ) (2048 -1792 256 ) 
4 44 47 (2048 -1792 256 ) (2048 -1792 2048 ) (1824 -1792 2048 ) (1824 -1792 256 ) 
4 44 45 (1824 -1792 -352 ) (1824 -1792 2048 ) (1824 -1024 2048 ) (1824 -1024 -352 ) 
4 45 47 (1824 -1792 256 ) (1824 -1792 2048 ) (1792 -1792 2048 ) (1792 -1792 256 ) 
4 45 46 (1792 -1792 -352 ) (1792 -1792 2048 ) (1792 -1024 2048 ) (1792 -1024 -352 ) 
4 46 53 (1024 -1024 2048 ) (1024 -1024 -512 ) (1024 -1792 -512 ) (1024 -1792 2048 ) 
4 46 47 (1024 -1792 2048 ) (1024 -1792 256 ) (1792 -1792 256 ) (1792 -1792 2048 ) 
4 47 54 (1024 -2048 256 ) (1024 -2048 2048 ) (1024 -1792 2048 ) (1024 -1792 256 ) 
4 47 51 (2048 -2048 256 ) (2048 -2048 2048 ) (1024 -2048 2048 ) (1024 -2048 256 ) 
4 48 51 (2048 -2048 2048 ) (2048 -2048 256 ) (2048 -3072 256 ) (2048 -3072 2048 ) 
4 48 50 (2048 -3072 256 ) (2048 -2304 256 ) (2560 -2304 256 ) (2560 -3072 256 ) 
4 48 49 (2560 -2048 256 ) (3072 -2048 256 ) (3072 -3072 256 ) (2560 -3072 256 ) 
4 49 50 (2560 -2304 -512 ) (2560 -3072 -512 ) (2560 -3072 256 ) (2560 -2304 256 ) 
4 50 52 (2048 -2304 -512 ) (2048 -3072 -512 ) (2048 -3072 256 ) (2048 -2304 256 ) 
4 51 61 (1024 -2304 2048 ) (1024 -2048 2048 ) (1024 -2048 256 ) (1024 -2304 256 ) 
4 51 62 (1024 -3072 256 ) (1024 -3072 2048 ) (1024 -2304 2048 ) (1024 -2304 256 ) 
4 51 52 (2048 -3072 256 ) (1024 -3072 256 ) (1024 -2304 256 ) (2048 -2304 256 ) 
4 52 62 (1024 -3072 -512 ) (1024 -3072 256 ) (1024 -2304 256 ) (1024 -2304 -512 ) 
4 53 55 (512 -1024 2048 ) (512 -1024 -352 ) (512 -1792 -352 ) (512 -1792 2048 ) 
4 53 54 (1024 -1792 2048 ) (512 -1792 2048 ) (512 -1792 0 ) (1024 -1792 256 ) 
4 54 61 (1024 -2048 256 ) (1024 -2048 2048 ) (512 -2048 2048 ) (512 -2048 0 ) 
4 54 55 (512 -2048 0 ) (512 -2048 2048 ) (512 -1792 2048 ) (512 -1792 0 ) 
4 55 63 (0 -2048 2048 ) (0 -2048 -352 ) (512 -2048 -352 ) (512 -2048 2048 ) 
4 55 59 (0 -1536 -352 ) (0 -2048 -352 ) (0 -2048 128 ) (0 -1536 128 ) 
4 55 58 (0 -1024 2048 ) (0 -1024 128 ) (0 -2048 128 ) (0 -2048 2048 ) 
4 55 56 (512 -1792 -352 ) (512 -2048 -352 ) (480 -2048 -352 ) (480 -1760 -352 ) 
4 55 57 (0 -1024 -352 ) (480 -1024 -352 ) (480 -2048 -352 ) (0 -2048 -352 ) 
4 56 63 (480 -2048 -512 ) (512 -2048 -512 ) (512 -2048 -352 ) (480 -2048 -352 ) 
4 56 57 (480 -1760 -512 ) (480 -2048 -512 ) (480 -2048 -352 ) (480 -1760 -352 ) 
4 57 63 (0 -2048 -352 ) (0 -2048 -512 ) (480 -2048 -512 ) (480 -2048 -352 ) 
4 57 59 (0 -1536 -512 ) (0 -2048 -512 ) (0 -2048 -352 ) (0 -1536 -352 ) 
4 58 64 (0 -2048 128 ) (0 -2048 2048 ) (-1024 -2048 2048 ) (-1024 -2048 128 ) 
4 58 59 (0 -2048 128 ) (-512 -2048 128 ) (-512 -1536 128 ) (0 -1536 128 ) 
4 58 60 (-512 -2048 128 ) (-1024 -2048 128 ) (-1024 -1024 128 ) (-512 -1024 128 ) 
4 59 64 (0 -2048 -512 ) (0 -2048 128 ) (-512 -2048 128 ) (-512 -2048 -512 ) 
4 59 60 (-512 -1536 -512 ) (-512 -2048 -512 ) (-512 -2048 128 ) (-512 -1536 128 ) 
4 60 64 (-512 -2048 128 ) (-1024 -2048 128 ) (-1024 -2048 -512 ) (-512 -2048 -512 ) 
4 61 62 (512 -2304 2048 ) (512 -2304 0 ) (1024 -2304 256 ) (1024 -2304 2048 ) 
4 61 63 (512 -2304 0 ) (512 -2304 2048 ) (512 -2048 2048 ) (512 -2048 0 ) 
4 62 63 (512 -2304 -512 ) (512 -3072 -512 ) (512 -3072 2048 ) (512 -2304 2048 ) 
4 63 64 (0 -2048 2048 ) (0 -2048 -512 ) (0 -3072 -512 ) (0 -3072 2048 ) 
